CRITICAL - 2022-12-03 09:16:18 --> Call to undefined method CodeIgniter\Database\MySQLi\Builder::getResultArray()
in APPPATH\Models\UsuarioModel.php on line 22.
 1 APPPATH\Controllers\UsuarioController.php(15): App\Models\UsuarioModel->obtenerRoles()
 2 SYSTEMPATH\CodeIgniter.php(927): App\Controllers\UsuarioController->index()
 3 SYSTEMPATH\CodeIgniter.php(482): CodeIgniter\CodeIgniter->runController(Object(App\Controllers\UsuarioController))
 4 SYSTEMPATH\CodeIgniter.php(351): CodeIgniter\CodeIgniter->handleRequest(null, Object(Config\Cache), false)
 5 FCPATH\index.php(67): CodeIgniter\CodeIgniter->run()
CRITICAL - 2022-12-03 09:19:13 --> Call to undefined method CodeIgniter\Database\MySQLi\Builder::getResultArray()
in APPPATH\Models\UsuarioModel.php on line 22.
 1 APPPATH\Controllers\UsuarioController.php(15): App\Models\UsuarioModel->obtenerRoles()
 2 SYSTEMPATH\CodeIgniter.php(927): App\Controllers\UsuarioController->index()
 3 SYSTEMPATH\CodeIgniter.php(482): CodeIgniter\CodeIgniter->runController(Object(App\Controllers\UsuarioController))
 4 SYSTEMPATH\CodeIgniter.php(351): CodeIgniter\CodeIgniter->handleRequest(null, Object(Config\Cache), false)
 5 FCPATH\index.php(67): CodeIgniter\CodeIgniter->run()
CRITICAL - 2022-12-03 09:23:11 --> Call to undefined method CodeIgniter\Database\MySQLi\Result::get()
in APPPATH\Models\UsuarioModel.php on line 26.
 1 APPPATH\Controllers\UsuarioController.php(15): App\Models\UsuarioModel->obtenerRoles()
 2 SYSTEMPATH\CodeIgniter.php(927): App\Controllers\UsuarioController->index()
 3 SYSTEMPATH\CodeIgniter.php(482): CodeIgniter\CodeIgniter->runController(Object(App\Controllers\UsuarioController))
 4 SYSTEMPATH\CodeIgniter.php(351): CodeIgniter\CodeIgniter->handleRequest(null, Object(Config\Cache), false)
 5 FCPATH\index.php(67): CodeIgniter\CodeIgniter->run()
CRITICAL - 2022-12-03 09:27:52 --> Undefined variable: tipo
in APPPATH\Views\RegistrarUsuario.php on line 70.
 1 APPPATH\Views\RegistrarUsuario.php(70): CodeIgniter\Debug\Exceptions->errorHandler(8, 'Undefined variable: tipo', 'APPPATH\\Views\\RegistrarUsuario.php', 70, [...])
 2 SYSTEMPATH\View\View.php(213): include('APPPATH\\Views\\RegistrarUsuario.php')
 3 SYSTEMPATH\View\View.php(216): CodeIgniter\View\View->CodeIgniter\View\{closure}()
 4 SYSTEMPATH\Common.php(1134): CodeIgniter\View\View->render('RegistrarUsuario', [], true)
 5 APPPATH\Controllers\UsuarioController.php(19): view('RegistrarUsuario', [...])
 6 SYSTEMPATH\CodeIgniter.php(927): App\Controllers\UsuarioController->index()
 7 SYSTEMPATH\CodeIgniter.php(482): CodeIgniter\CodeIgniter->runController(Object(App\Controllers\UsuarioController))
 8 SYSTEMPATH\CodeIgniter.php(351): CodeIgniter\CodeIgniter->handleRequest(null, Object(Config\Cache), false)
 9 FCPATH\index.php(67): CodeIgniter\CodeIgniter->run()
CRITICAL - 2022-12-03 09:30:02 --> Undefined variable: tipos
in APPPATH\Views\RegistrarUsuario.php on line 71.
 1 APPPATH\Views\RegistrarUsuario.php(71): CodeIgniter\Debug\Exceptions->errorHandler(8, 'Undefined variable: tipos', 'APPPATH\\Views\\RegistrarUsuario.php', 71, [...])
 2 SYSTEMPATH\View\View.php(213): include('APPPATH\\Views\\RegistrarUsuario.php')
 3 SYSTEMPATH\View\View.php(216): CodeIgniter\View\View->CodeIgniter\View\{closure}()
 4 SYSTEMPATH\Common.php(1134): CodeIgniter\View\View->render('RegistrarUsuario', [], true)
 5 APPPATH\Controllers\UsuarioController.php(19): view('RegistrarUsuario', [...])
 6 SYSTEMPATH\CodeIgniter.php(927): App\Controllers\UsuarioController->index()
 7 SYSTEMPATH\CodeIgniter.php(482): CodeIgniter\CodeIgniter->runController(Object(App\Controllers\UsuarioController))
 8 SYSTEMPATH\CodeIgniter.php(351): CodeIgniter\CodeIgniter->handleRequest(null, Object(Config\Cache), false)
 9 FCPATH\index.php(67): CodeIgniter\CodeIgniter->run()
CRITICAL - 2022-12-03 09:31:21 --> Undefined variable: tipos
in APPPATH\Views\RegistrarUsuario.php on line 71.
 1 APPPATH\Views\RegistrarUsuario.php(71): CodeIgniter\Debug\Exceptions->errorHandler(8, 'Undefined variable: tipos', 'APPPATH\\Views\\RegistrarUsuario.php', 71, [...])
 2 SYSTEMPATH\View\View.php(213): include('APPPATH\\Views\\RegistrarUsuario.php')
 3 SYSTEMPATH\View\View.php(216): CodeIgniter\View\View->CodeIgniter\View\{closure}()
 4 SYSTEMPATH\Common.php(1134): CodeIgniter\View\View->render('RegistrarUsuario', [], true)
 5 APPPATH\Controllers\UsuarioController.php(19): view('RegistrarUsuario', [...])
 6 SYSTEMPATH\CodeIgniter.php(927): App\Controllers\UsuarioController->index()
 7 SYSTEMPATH\CodeIgniter.php(482): CodeIgniter\CodeIgniter->runController(Object(App\Controllers\UsuarioController))
 8 SYSTEMPATH\CodeIgniter.php(351): CodeIgniter\CodeIgniter->handleRequest(null, Object(Config\Cache), false)
 9 FCPATH\index.php(67): CodeIgniter\CodeIgniter->run()
CRITICAL - 2022-12-03 09:31:26 --> Undefined variable: tipos
in APPPATH\Views\RegistrarUsuario.php on line 71.
 1 APPPATH\Views\RegistrarUsuario.php(71): CodeIgniter\Debug\Exceptions->errorHandler(8, 'Undefined variable: tipos', 'APPPATH\\Views\\RegistrarUsuario.php', 71, [...])
 2 SYSTEMPATH\View\View.php(213): include('APPPATH\\Views\\RegistrarUsuario.php')
 3 SYSTEMPATH\View\View.php(216): CodeIgniter\View\View->CodeIgniter\View\{closure}()
 4 SYSTEMPATH\Common.php(1134): CodeIgniter\View\View->render('RegistrarUsuario', [], true)
 5 APPPATH\Controllers\UsuarioController.php(19): view('RegistrarUsuario', [...])
 6 SYSTEMPATH\CodeIgniter.php(927): App\Controllers\UsuarioController->index()
 7 SYSTEMPATH\CodeIgniter.php(482): CodeIgniter\CodeIgniter->runController(Object(App\Controllers\UsuarioController))
 8 SYSTEMPATH\CodeIgniter.php(351): CodeIgniter\CodeIgniter->handleRequest(null, Object(Config\Cache), false)
 9 FCPATH\index.php(67): CodeIgniter\CodeIgniter->run()
CRITICAL - 2022-12-03 09:31:27 --> Undefined variable: tipos
in APPPATH\Views\RegistrarUsuario.php on line 71.
 1 APPPATH\Views\RegistrarUsuario.php(71): CodeIgniter\Debug\Exceptions->errorHandler(8, 'Undefined variable: tipos', 'APPPATH\\Views\\RegistrarUsuario.php', 71, [...])
 2 SYSTEMPATH\View\View.php(213): include('APPPATH\\Views\\RegistrarUsuario.php')
 3 SYSTEMPATH\View\View.php(216): CodeIgniter\View\View->CodeIgniter\View\{closure}()
 4 SYSTEMPATH\Common.php(1134): CodeIgniter\View\View->render('RegistrarUsuario', [], true)
 5 APPPATH\Controllers\UsuarioController.php(19): view('RegistrarUsuario', [...])
 6 SYSTEMPATH\CodeIgniter.php(927): App\Controllers\UsuarioController->index()
 7 SYSTEMPATH\CodeIgniter.php(482): CodeIgniter\CodeIgniter->runController(Object(App\Controllers\UsuarioController))
 8 SYSTEMPATH\CodeIgniter.php(351): CodeIgniter\CodeIgniter->handleRequest(null, Object(Config\Cache), false)
 9 FCPATH\index.php(67): CodeIgniter\CodeIgniter->run()
CRITICAL - 2022-12-03 09:31:27 --> Undefined variable: tipos
in APPPATH\Views\RegistrarUsuario.php on line 71.
 1 APPPATH\Views\RegistrarUsuario.php(71): CodeIgniter\Debug\Exceptions->errorHandler(8, 'Undefined variable: tipos', 'APPPATH\\Views\\RegistrarUsuario.php', 71, [...])
 2 SYSTEMPATH\View\View.php(213): include('APPPATH\\Views\\RegistrarUsuario.php')
 3 SYSTEMPATH\View\View.php(216): CodeIgniter\View\View->CodeIgniter\View\{closure}()
 4 SYSTEMPATH\Common.php(1134): CodeIgniter\View\View->render('RegistrarUsuario', [], true)
 5 APPPATH\Controllers\UsuarioController.php(19): view('RegistrarUsuario', [...])
 6 SYSTEMPATH\CodeIgniter.php(927): App\Controllers\UsuarioController->index()
 7 SYSTEMPATH\CodeIgniter.php(482): CodeIgniter\CodeIgniter->runController(Object(App\Controllers\UsuarioController))
 8 SYSTEMPATH\CodeIgniter.php(351): CodeIgniter\CodeIgniter->handleRequest(null, Object(Config\Cache), false)
 9 FCPATH\index.php(67): CodeIgniter\CodeIgniter->run()
ERROR - 2022-12-03 12:35:52 --> mysqli_sql_exception: Unknown column 'escapeChar' in 'field list' in C:\xampp\htdocs\Club-bentin\system\Database\MySQLi\Connection.php:292
Stack trace:
#0 C:\xampp\htdocs\Club-bentin\system\Database\MySQLi\Connection.php(292): mysqli->query('INSERT INTO `us...', 0)
#1 C:\xampp\htdocs\Club-bentin\system\Database\BaseConnection.php(666): CodeIgniter\Database\MySQLi\Connection->execute('INSERT INTO `us...')
#2 C:\xampp\htdocs\Club-bentin\system\Database\BaseConnection.php(593): CodeIgniter\Database\BaseConnection->simpleQuery('INSERT INTO `us...')
#3 C:\xampp\htdocs\Club-bentin\system\Database\BaseBuilder.php(1916): CodeIgniter\Database\BaseConnection->query('INSERT INTO `us...', Array, false)
#4 C:\xampp\htdocs\Club-bentin\app\Models\UsuarioModel.php(22): CodeIgniter\Database\BaseBuilder->insert(Object(CodeIgniter\Database\MySQLi\Builder))
#5 C:\xampp\htdocs\Club-bentin\app\Controllers\UsuarioController.php(46): App\Models\UsuarioModel->insertar(Object(CodeIgniter\Database\MySQLi\Builder))
#6 C:\xampp\htdocs\Club-bentin\system\CodeIgniter.php(927): App\Controllers\UsuarioController->crear()
#7 C:\xampp\htdocs\Club-bentin\system\CodeIgniter.php(482): CodeIgniter\CodeIgniter->runController(Object(App\Controllers\UsuarioController))
#8 C:\xampp\htdocs\Club-bentin\system\CodeIgniter.php(351): CodeIgniter\CodeIgniter->handleRequest(NULL, Object(Config\Cache), false)
#9 C:\xampp\htdocs\Club-bentin\public\index.php(67): CodeIgniter\CodeIgniter->run()
#10 {main}
CRITICAL - 2022-12-03 12:35:52 --> Unknown column 'escapeChar' in 'field list'
in SYSTEMPATH\Database\MySQLi\Connection.php on line 292.
 1 SYSTEMPATH\Database\MySQLi\Connection.php(292): mysqli->query('INSERT INTO `usuarios` (`escapeChar`, `resetDeleteData`, `QBDistinct`, `QBLimit`, `QBOffset`, `QBWhereGroupStarted`, `QBWhereGroupCount`, `QBIgnore`, `tableName`, `countString`, `canLimitDeletes`, `canLimitWhereUpdates`, `testMode`) VALUES (\'`\', 0, 0, 0, 0, 0, 0, 0, \'usuarios\', \'SELECT COUNT(*) AS \', 1, 1, 0)', 0)
 2 SYSTEMPATH\Database\BaseConnection.php(666): CodeIgniter\Database\MySQLi\Connection->execute('INSERT INTO `usuarios` (`escapeChar`, `resetDeleteData`, `QBDistinct`, `QBLimit`, `QBOffset`, `QBWhereGroupStarted`, `QBWhereGroupCount`, `QBIgnore`, `tableName`, `countString`, `canLimitDeletes`, `canLimitWhereUpdates`, `testMode`) VALUES (\'`\', 0, 0, 0, 0, 0, 0, 0, \'usuarios\', \'SELECT COUNT(*) AS \', 1, 1, 0)')
 3 SYSTEMPATH\Database\BaseConnection.php(593): CodeIgniter\Database\BaseConnection->simpleQuery('INSERT INTO `usuarios` (`escapeChar`, `resetDeleteData`, `QBDistinct`, `QBLimit`, `QBOffset`, `QBWhereGroupStarted`, `QBWhereGroupCount`, `QBIgnore`, `tableName`, `countString`, `canLimitDeletes`, `canLimitWhereUpdates`, `testMode`) VALUES (\'`\', 0, 0, 0, 0, 0, 0, 0, \'usuarios\', \'SELECT COUNT(*) AS \', 1, 1, 0)')
 4 SYSTEMPATH\Database\BaseBuilder.php(1916): CodeIgniter\Database\BaseConnection->query('INSERT INTO `usuarios` (`escapeChar`, `resetDeleteData`, `QBDistinct`, `QBLimit`, `QBOffset`, `QBWhereGroupStarted`, `QBWhereGroupCount`, `QBIgnore`, `tableName`, `countString`, `canLimitDeletes`, `canLimitWhereUpdates`, `testMode`) VALUES (:escapeChar:, :resetDeleteData:, :QBDistinct:, :QBLimit:, :QBOffset:, :QBWhereGroupStarted:, :QBWhereGroupCount:, :QBIgnore:, :tableName:, :countString:, :canLimitDeletes:, :canLimitWhereUpdates:, :testMode:)', [...], false)
 5 APPPATH\Models\UsuarioModel.php(22): CodeIgniter\Database\BaseBuilder->insert(Object(CodeIgniter\Database\MySQLi\Builder))
 6 APPPATH\Controllers\UsuarioController.php(46): App\Models\UsuarioModel->insertar(Object(CodeIgniter\Database\MySQLi\Builder))
 7 SYSTEMPATH\CodeIgniter.php(927): App\Controllers\UsuarioController->crear()
 8 SYSTEMPATH\CodeIgniter.php(482): CodeIgniter\CodeIgniter->runController(Object(App\Controllers\UsuarioController))
 9 SYSTEMPATH\CodeIgniter.php(351): CodeIgniter\CodeIgniter->handleRequest(null, Object(Config\Cache), false)
10 FCPATH\index.php(67): CodeIgniter\CodeIgniter->run()
